Build started 8/29/2011 4:21:36 PM.
Project "C:\Users\afman\Documents\Visual Studio 2010\Projects\hwbrk\hwbrk\hwbrk.vcxproj" on node 2 (build target(s)).
InitializeBuildStatus:
  Creating "Debug\HwBrkDll.unsuccessfulbuild" because "AlwaysCreate" was specified.
ClCompile:
  c:\Program Files\Microsoft Visual Studio 10.0\VC\bin\CL.exe /c /ZI /nologo /W3 /WX- /Od /Oy- /D WIN32 /D _DEBUG /D _WINDOWS /D _USRDLL /D HWBRK_EXPORTS /D _WINDLL /D _UNICODE /D UNICODE /Gm /EHsc /RTC1 /MDd /GS /fp:precise /Zc:wchar_t /Zc:forScope /Fo"Debug\\" /Fd"Debug\vc100.pdb" /Gd /TP /analyze- /errorReport:prompt patch.cpp
  patch.cpp
c:\users\afman\documents\visual studio 2010\projects\hwbrk\hwbrk\patch.cpp(18): warning C4244: '=' : conversion from 'DWORD' to 'BYTE', possible loss of data
ManifestResourceCompile:
  All outputs are up-to-date.
Link:
  c:\Program Files\Microsoft Visual Studio 10.0\VC\bin\link.exe /ERRORREPORT:PROMPT /OUT:"C:\Users\afman\Documents\Visual Studio 2010\Projects\hwbrk\Debug\HwBrkDll.dll" /INCREMENTAL /NOLOGO kernel32.lib user32.lib gdi32.lib winspool.lib comdlg32.lib advapi32.lib shell32.lib ole32.lib oleaut32.lib uuid.lib odbc32.lib odbccp32.lib /MANIFEST /ManifestFile:"Debug\HwBrkDll.dll.intermediate.manifest" /MANIFESTUAC:"level='asInvoker' uiAccess='false'" /DEBUG /PDB:"C:\Users\afman\Documents\Visual Studio 2010\Projects\hwbrk\Debug\HwBrkDll.pdb" /SUBSYSTEM:WINDOWS /TLBID:1 /DYNAMICBASE /NXCOMPAT /IMPLIB:"C:\Users\afman\Documents\Visual Studio 2010\Projects\hwbrk\Debug\HwBrkDll.lib" /MACHINE:X86 /DLL Debug\HwBrkDll.dll.embed.manifest.res
  Debug\patch.obj
Manifest:
  C:\Program Files\Microsoft SDKs\Windows\v7.0A\bin\mt.exe /nologo /verbose /out:"Debug\HwBrkDll.dll.embed.manifest" /manifest Debug\HwBrkDll.dll.intermediate.manifest
  All outputs are up-to-date.
LinkEmbedManifest:
  All outputs are up-to-date.
  hwbrk.vcxproj -> C:\Users\afman\Documents\Visual Studio 2010\Projects\hwbrk\Debug\HwBrkDll.dll
FinalizeBuildStatus:
  Deleting file "Debug\HwBrkDll.unsuccessfulbuild".
  Touching "Debug\HwBrkDll.lastbuildstate".
Done Building Project "C:\Users\afman\Documents\Visual Studio 2010\Projects\hwbrk\hwbrk\hwbrk.vcxproj" (build target(s)).

Build succeeded.

Time Elapsed 00:00:04.82
