Build started 8/29/2011 4:17:14 PM.
Project "C:\Users\afman\documents\visual studio 2010\Projects\Loader\Loader\Loader.vcxproj" on node 2 (build target(s)).
InitializeBuildStatus:
  Creating "Debug\Loader.unsuccessfulbuild" because "AlwaysCreate" was specified.
ClCompile:
  c:\Program Files\Microsoft Visual Studio 10.0\VC\bin\CL.exe /c /ZI /nologo /W3 /WX- /Od /Oy- /D _MBCS /Gm /EHsc /RTC1 /MDd /GS /fp:precise /Zc:wchar_t /Zc:forScope /Fo"Debug\\" /Fd"Debug\vc100.pdb" /Gd /TP /analyze- /errorReport:prompt HwBrk.cpp
  HwBrk.cpp
Link:
  c:\Program Files\Microsoft Visual Studio 10.0\VC\bin\link.exe /ERRORREPORT:PROMPT /OUT:"C:\Users\afman\documents\visual studio 2010\Projects\Loader\Debug\Loader.exe" /NOLOGO kernel32.lib user32.lib gdi32.lib winspool.lib comdlg32.lib advapi32.lib shell32.lib ole32.lib oleaut32.lib uuid.lib odbc32.lib odbccp32.lib /MANIFEST /ManifestFile:"Debug\Loader.exe.intermediate.manifest" /MANIFESTUAC:"level='asInvoker' uiAccess='false'" /DEBUG /PDB:"C:\Users\afman\documents\visual studio 2010\Projects\Loader\Debug\Loader.pdb" /TLBID:1 /DYNAMICBASE /NXCOMPAT /IMPLIB:"C:\Users\afman\documents\visual studio 2010\Projects\Loader\Debug\Loader.lib" /MACHINE:X86 Debug\HwBrk.obj
  Debug\main.obj
  LINK : C:\Users\afman\documents\visual studio 2010\Projects\Loader\Debug\Loader.exe not found or not built by the last incremental link; performing full link
  Loader.vcxproj -> C:\Users\afman\documents\visual studio 2010\Projects\Loader\Debug\Loader.exe
Manifest:
  C:\Program Files\Microsoft SDKs\Windows\v7.0A\bin\mt.exe /nologo /verbose /outputresource:"C:\Users\afman\documents\visual studio 2010\Projects\Loader\Debug\Loader.exe;#1" /manifest Debug\Loader.exe.intermediate.manifest
FinalizeBuildStatus:
  Deleting file "Debug\Loader.unsuccessfulbuild".
  Touching "Debug\Loader.lastbuildstate".
Done Building Project "C:\Users\afman\documents\visual studio 2010\Projects\Loader\Loader\Loader.vcxproj" (build target(s)).

Build succeeded.

Time Elapsed 00:00:02.03
